<?xml version="1.0" encoding="UTF-8"?>
<!-- Generated by org.testng.reporters.JUnitReportReporter -->
<testsuite hostname="LAPTOP-P42BDU4T" failures="0" tests="1" name="SeleniumProject1.SeleniumP.AppTest" time="0.008" errors="0" timestamp="2024-09-18T18:54:53 IST" skipped="0">
  <testcase classname="SeleniumProject1.SeleniumP.AppTest" name="shouldAnswerWithTrue" time="0.008"/>
</testsuite> <!-- SeleniumProject1.SeleniumP.AppTest -->
