<?xml version="1.0" encoding="UTF-8"?>
<!-- Generated by org.testng.reporters.JUnitReportReporter -->
<testsuite hostname="LAPTOP-P42BDU4T" failures="0" tests="1" name="project_1.Amazon_TC8_Products_SortedBy" time="13.986" errors="0" timestamp="2024-10-03T16:49:49 IST" skipped="0">
  <testcase classname="project_1.Amazon_TC8_Products_SortedBy" name="sorting" time="13.986"/>
  <system-out/>
</testsuite> <!-- project_1.Amazon_TC8_Products_SortedBy -->
