<?xml version="1.0" encoding="UTF-8"?>
<!-- Generated by org.testng.reporters.JUnitReportReporter -->
<testsuite hostname="LAPTOP-P42BDU4T" failures="0" tests="1" name="project_1.Amazon_TC11_CheckoutProcess" time="41.138" errors="0" timestamp="2024-10-08T18:40:28 IST" skipped="0">
  <testcase classname="project_1.Amazon_TC11_CheckoutProcess" name="Proceed_to_Buy" time="41.138"/>
  <system-out/>
</testsuite> <!-- project_1.Amazon_TC11_CheckoutProcess -->
