<?xml version="1.0" encoding="UTF-8"?>
<!-- Generated by org.testng.reporters.JUnitReportReporter -->
<testsuite hostname="LAPTOP-P42BDU4T" failures="0" tests="1" name="project_1.Amazon_TC7_ProductDetails" time="11.709" errors="0" timestamp="2024-10-08T18:40:28 IST" skipped="0">
  <testcase classname="project_1.Amazon_TC7_ProductDetails" name="ProductDescription" time="11.709"/>
  <system-out/>
</testsuite> <!-- project_1.Amazon_TC7_ProductDetails -->
