<?xml version="1.0" encoding="UTF-8"?>
<!-- Generated by org.testng.reporters.JUnitReportReporter -->
<testsuite hostname="LAPTOP-P42BDU4T" failures="0" tests="1" name="project_1.Amazon_TC2_LoginSuccessful" time="11.608" errors="0" timestamp="2024-10-08T18:40:28 IST" skipped="0">
  <testcase classname="project_1.Amazon_TC2_LoginSuccessful" name="NewUserLogin" time="11.608"/>
  <system-out/>
</testsuite> <!-- project_1.Amazon_TC2_LoginSuccessful -->
