<?xml version="1.0" encoding="UTF-8"?>
<!-- Generated by org.testng.reporters.JUnitReportReporter -->
<testsuite hostname="LAPTOP-P42BDU4T" failures="0" tests="1" name="SeleniumProject1.SeleniumP.AmZ_TestCase2_LP" time="10.199" errors="0" timestamp="2024-09-26T16:24:42 IST" skipped="0">
  <testcase classname="SeleniumProject1.SeleniumP.AmZ_TestCase2_LP" name="login_amz" time="10.199"/>
  <system-out/>
</testsuite> <!-- SeleniumProject1.SeleniumP.AmZ_TestCase2_LP -->
