<?xml version="1.0" encoding="UTF-8"?>
<!-- Generated by org.testng.reporters.JUnitReportReporter -->
<testsuite hostname="LAPTOP-P42BDU4T" failures="0" tests="1" name="project_1.Amazon_TC3_LoginFails" time="9.881" errors="0" timestamp="2024-10-05T13:51:00 IST" skipped="0">
  <testcase classname="project_1.Amazon_TC3_LoginFails" name="LoginFail_Case" time="9.881"/>
  <system-out/>
</testsuite> <!-- project_1.Amazon_TC3_LoginFails -->
