<?xml version="1.0" encoding="UTF-8"?>
<!-- Generated by org.testng.reporters.JUnitReportReporter -->
<testsuite hostname="LAPTOP-P42BDU4T" failures="0" tests="1" name="project_1.Amazon_TC2_LoginSuccessful" time="13.056" errors="0" timestamp="2024-10-05T13:38:47 IST" skipped="0">
  <testcase classname="project_1.Amazon_TC2_LoginSuccessful" name="NewUserLogin" time="13.056"/>
  <system-out/>
</testsuite> <!-- project_1.Amazon_TC2_LoginSuccessful -->
