<?xml version="1.0" encoding="UTF-8"?>
<!-- Generated by org.testng.reporters.JUnitReportReporter -->
<testsuite hostname="LAPTOP-P42BDU4T" failures="0" tests="1" name="SeleniumProject1.SeleniumP.TestCase1" time="15.330" errors="0" timestamp="2024-09-18T15:19:54 IST" skipped="0">
  <testcase classname="SeleniumProject1.SeleniumP.TestCase1" name="login_to_amazon" time="15.330"/>
  <system-out/>
</testsuite> <!-- SeleniumProject1.SeleniumP.TestCase1 -->
