<?xml version="1.0" encoding="UTF-8"?>
<!-- Generated by org.testng.reporters.JUnitReportReporter -->
<testsuite hostname="LAPTOP-P42BDU4T" failures="0" tests="1" name="SeleniumProject1.SeleniumP.AmZ_TestCase3_SR" time="25.287" errors="0" timestamp="2024-09-26T17:16:39 IST" skipped="0">
  <testcase classname="SeleniumProject1.SeleniumP.AmZ_TestCase3_SR" name="searching" time="25.287"/>
  <system-out/>
</testsuite> <!-- SeleniumProject1.SeleniumP.AmZ_TestCase3_SR -->
